app/build/intermediates/manifest_merge_blame_file/debug/manifest-merger-blame-debug-report.txt
1<?xml version="1.0" encoding="utf-8"?>
2<manifest xmlns:android="http://schemas.android.com/apk/res/android"
3    package="com.example.nusabasa"
4    android:versionCode="1"
5    android:versionName="1.0" >
6
7    <uses-sdk
8        android:minSdkVersion="21"
8-->src\main\AndroidManifest.xml
9        android:targetSdkVersion="29" />
9-->src\main\AndroidManifest.xml
10
11    <application
11-->src\main\AndroidManifest.xml:5:5-51:19
12        android:allowBackup="true"
12-->src\main\AndroidManifest.xml:6:9-35
13        android:appComponentFactory="androidx.core.app.CoreComponentFactory"
13-->[androidx.core:core:1.3.1] AndroidManifest.xml:24:18-86
14        android:debuggable="true"
15        android:icon="@mipmap/ic_launcher"
15-->src\main\AndroidManifest.xml:7:9-43
16        android:label="@string/app_name"
16-->src\main\AndroidManifest.xml:8:9-41
17        android:roundIcon="@mipmap/ic_launcher_round"
17-->src\main\AndroidManifest.xml:9:9-54
18        android:supportsRtl="true"
18-->src\main\AndroidManifest.xml:10:9-35
19        android:testOnly="true"
20        android:theme="@style/AppTheme" >
20-->src\main\AndroidManifest.xml:11:9-40
21        <activity android:name="com.example.nusabasa.bl.BaliQuiz10Activity" />
21-->src\main\AndroidManifest.xml:12:9-68
21-->src\main\AndroidManifest.xml:12:19-56
22        <activity android:name="com.example.nusabasa.bl.BaliQuiz9Activity" />
22-->src\main\AndroidManifest.xml:13:9-58
22-->src\main\AndroidManifest.xml:13:19-55
23        <activity android:name="com.example.nusabasa.bl.BaliQuiz8Activity" />
23-->src\main\AndroidManifest.xml:14:9-58
23-->src\main\AndroidManifest.xml:14:19-55
24        <activity android:name="com.example.nusabasa.jv.Quiz10Activity" />
24-->src\main\AndroidManifest.xml:15:9-55
24-->src\main\AndroidManifest.xml:15:19-52
25        <activity android:name="com.example.nusabasa.jv.Quiz9Activity" />
25-->src\main\AndroidManifest.xml:16:9-54
25-->src\main\AndroidManifest.xml:16:19-51
26        <activity android:name="com.example.nusabasa.jv.Quiz8Activity" />
26-->src\main\AndroidManifest.xml:17:9-54
26-->src\main\AndroidManifest.xml:17:19-51
27        <activity android:name="com.example.nusabasa.bl.BaliQuiz7Activity" />
27-->src\main\AndroidManifest.xml:18:9-58
27-->src\main\AndroidManifest.xml:18:19-55
28        <activity android:name="com.example.nusabasa.bl.BaliQuiz6Activity" />
28-->src\main\AndroidManifest.xml:19:9-58
28-->src\main\AndroidManifest.xml:19:19-55
29        <activity android:name="com.example.nusabasa.bl.BaliQuiz5Activity" />
29-->src\main\AndroidManifest.xml:20:9-58
29-->src\main\AndroidManifest.xml:20:19-55
30        <activity android:name="com.example.nusabasa.jv.Quiz7Activity" />
30-->src\main\AndroidManifest.xml:21:9-54
30-->src\main\AndroidManifest.xml:21:19-51
31        <activity android:name="com.example.nusabasa.bl.BaliQuiz4Activity" />
31-->src\main\AndroidManifest.xml:22:9-58
31-->src\main\AndroidManifest.xml:22:19-55
32        <activity android:name="com.example.nusabasa.bl.BaliQuiz3Activity" />
32-->src\main\AndroidManifest.xml:23:9-58
32-->src\main\AndroidManifest.xml:23:19-55
33        <activity android:name="com.example.nusabasa.bl.BaliQuiz2Activity" />
33-->src\main\AndroidManifest.xml:24:9-58
33-->src\main\AndroidManifest.xml:24:19-55
34        <activity android:name="com.example.nusabasa.bl.BaliQuizActivity" />
34-->src\main\AndroidManifest.xml:25:9-57
34-->src\main\AndroidManifest.xml:25:19-54
35        <activity android:name="com.example.nusabasa.jv.Quiz6Activity" />
35-->src\main\AndroidManifest.xml:26:9-54
35-->src\main\AndroidManifest.xml:26:19-51
36        <activity android:name="com.example.nusabasa.jv.Quiz5Activity" />
36-->src\main\AndroidManifest.xml:27:9-54
36-->src\main\AndroidManifest.xml:27:19-51
37        <activity android:name="com.example.nusabasa.jv.Quiz4Activity" />
37-->src\main\AndroidManifest.xml:28:9-54
37-->src\main\AndroidManifest.xml:28:19-51
38        <activity android:name="com.example.nusabasa.jv.Quiz3Activity" />
38-->src\main\AndroidManifest.xml:29:9-54
38-->src\main\AndroidManifest.xml:29:19-51
39        <activity android:name="com.example.nusabasa.jv.Quiz2Activity" />
39-->src\main\AndroidManifest.xml:30:9-54
39-->src\main\AndroidManifest.xml:30:19-51
40        <activity android:name="com.example.nusabasa.bl.BalineseActivity" />
40-->src\main\AndroidManifest.xml:31:9-57
40-->src\main\AndroidManifest.xml:31:19-54
41        <activity android:name="com.example.nusabasa.ResultActivity" />
41-->src\main\AndroidManifest.xml:32:9-52
41-->src\main\AndroidManifest.xml:32:19-49
42        <activity android:name="com.example.nusabasa.jv.QuizActivity" />
42-->src\main\AndroidManifest.xml:33:9-53
42-->src\main\AndroidManifest.xml:33:19-50
43        <activity android:name="com.example.nusabasa.jv.JavaneseActivity" />
43-->src\main\AndroidManifest.xml:34:9-57
43-->src\main\AndroidManifest.xml:34:19-54
44        <activity
44-->src\main\AndroidManifest.xml:35:9-43:20
45            android:name="com.example.nusabasa.SplashActivity"
45-->src\main\AndroidManifest.xml:36:13-43
46            android:theme="@style/NoActionBar" >
46-->src\main\AndroidManifest.xml:37:13-47
47            <intent-filter>
47-->src\main\AndroidManifest.xml:38:13-42:29
48                <action android:name="android.intent.action.MAIN" />
48-->src\main\AndroidManifest.xml:39:17-69
48-->src\main\AndroidManifest.xml:39:25-66
49
50                <category android:name="android.intent.category.LAUNCHER" />
50-->src\main\AndroidManifest.xml:41:17-77
50-->src\main\AndroidManifest.xml:41:27-74
51            </intent-filter>
52        </activity>
53        <activity android:name="com.example.nusabasa.AchievementActivity" />
53-->src\main\AndroidManifest.xml:44:9-57
53-->src\main\AndroidManifest.xml:44:19-54
54        <activity android:name="com.example.nusabasa.AbouutActivity" />
54-->src\main\AndroidManifest.xml:45:9-52
54-->src\main\AndroidManifest.xml:45:19-49
55        <activity android:name="com.example.nusabasa.SettingActivity" />
55-->src\main\AndroidManifest.xml:46:9-53
55-->src\main\AndroidManifest.xml:46:19-50
56        <activity android:name="com.example.nusabasa.PlayActivity" />
56-->src\main\AndroidManifest.xml:47:9-50
56-->src\main\AndroidManifest.xml:47:19-47
57        <activity
57-->src\main\AndroidManifest.xml:48:9-50:50
58            android:name="com.example.nusabasa.MainActivity"
58-->src\main\AndroidManifest.xml:49:13-41
59            android:theme="@style/NoActionBar" />
59-->src\main\AndroidManifest.xml:50:13-47
60    </application>
61
62</manifest>